{
  "RSpec": {
    "coverage": {
      "/Users/georgelamprakis/makers_challenges/week_2/Oystercard_day5-/spec/journey_spec.rb": [
        1,
        null,
        1,
        11,
        6,
        1,
        1,
        1,
        null,
        null,
        1,
        1,
        null,
        null,
        1,
        1,
        null,
        null,
        1,
        1,
        null,
        null,
        1,
        1,
        null,
        null,
        1,
        1,
        null,
        null,
        1,
        1,
        1,
        1,
        null,
        null,
        1,
        1,
        1,
        null,
        null,
        1,
        1,
        1,
        null,
        null,
        1,
        1,
        1,
        null,
        null,
        null,
        null,
        null,
        null,
        null,
        null,
        null,
        null,
        null,
        null
      ],
      "/Users/georgelamprakis/makers_challenges/week_2/Oystercard_day5-/lib/journey.rb": [
        1,
        1,
        null,
        1,
        1,
        null,
        1,
        6,
        null,
        null,
        1,
        7,
        null,
        null,
        1,
        7,
        null,
        null,
        1,
        5,
        null,
        null,
        null
      ],
      "/Users/georgelamprakis/makers_challenges/week_2/Oystercard_day5-/spec/oystercard_spec.rb": [
        1,
        null,
        1,
        11,
        5,
        4,
        null,
        1,
        1,
        null,
        1,
        1,
        null,
        null,
        1,
        4,
        null,
        null,
        1,
        1,
        1,
        2,
        null,
        null,
        2,
        null,
        1,
        1,
        null,
        null,
        null,
        null,
        null,
        null,
        null,
        null,
        null,
        null,
        null,
        null,
        null,
        null,
        null,
        null,
        null,
        null,
        null,
        null,
        null,
        null,
        null,
        null,
        null,
        null,
        null,
        null,
        null,
        null,
        null,
        null,
        null,
        null,
        1,
        1,
        1,
        3,
        3,
        3,
        null,
        1,
        1,
        1,
        null,
        null,
        1,
        1,
        1,
        1,
        null,
        null,
        null,
        null,
        null,
        null,
        null,
        null,
        null,
        null,
        null,
        null,
        null,
        null,
        null,
        1,
        1,
        null,
        null,
        1,
        0,
        null,
        null,
        null,
        1,
        1,
        2,
        null,
        null,
        null,
        null,
        null,
        null
      ],
      "/Users/georgelamprakis/makers_challenges/week_2/Oystercard_day5-/lib/oystercard.rb": [
        1,
        1,
        1,
        null,
        1,
        1,
        1,
        null,
        null,
        1,
        10,
        10,
        null,
        null,
        1,
        6,
        5,
        null,
        null,
        1,
        5,
        4,
        null,
        null,
        1,
        4,
        4,
        null,
        null,
        null,
        1,
        4,
        4,
        4,
        null,
        null,
        1,
        3,
        3,
        null,
        null,
        null,
        1,
        null,
        1,
        6,
        null,
        null,
        1,
        5,
        null,
        null,
        1,
        4,
        null,
        null,
        null
      ],
      "/Users/georgelamprakis/makers_challenges/week_2/Oystercard_day5-/spec/station_spec.rb": [
        1,
        null,
        1,
        null,
        3,
        null,
        null,
        1,
        1,
        null,
        null,
        1,
        1,
        null,
        null,
        null,
        null
      ],
      "/Users/georgelamprakis/makers_challenges/week_2/Oystercard_day5-/lib/station.rb": [
        null,
        null,
        1,
        1,
        null,
        1,
        2,
        2,
        null,
        null,
        null,
        null,
        null,
        null
      ]
    },
    "timestamp": 1507303962
  }
}
